# JRE version: Java(TM) SE Runtime Environment (8.0_271-b09) (build 1.8.0_271-b09)
# Java VM: Java HotSpot(TM) 64-Bit Server VM (25.271-b09 mixed mode windows-amd64 compressed oops)
Heap:
 PSYoungGen      total 887296K, used 808662K [0x000000076b500000, 0x00000007a3f00000, 0x00000007c0000000)
  eden space 872960K, 91% used [0x000000076b500000,0x000000079c15d7f0,0x00000007a0980000)
  from space 14336K, 66% used [0x00000007a3100000,0x00000007a3a58040,0x00000007a3f00000)
  to   space 14336K, 0% used [0x00000007a0980000,0x00000007a0980000,0x00000007a1780000)
 ParOldGen       total 175104K, used 70860K [0x00000006c1e00000, 0x00000006cc900000, 0x000000076b500000)
  object space 175104K, 40% used [0x00000006c1e00000,0x00000006c63330a0,0x00000006cc900000)
 Metaspace       used 12367K, capacity 12646K, committed 12800K, reserved 1060864K
  class space    used 1379K, capacity 1455K, committed 1536K, reserved 1048576K
GC Heap History (10 events):
Event: 42.135 GC heap before
{Heap before GC invocations=80 (full 0):
 PSYoungGen      total 684544K, used 684288K [0x000000076b500000, 0x00000007a3300000, 0x00000007c0000000)
  eden space 684032K, 100% used [0x000000076b500000,0x0000000795100000,0x0000000795100000)
  from space 512K, 50% used [0x00000007a2200000,0x00000007a2240000,0x00000007a2280000)
  to   space 14336K, 0% used [0x00000007a2500000,0x00000007a2500000,0x00000007a3300000)
 ParOldGen       total 175104K, used 70668K [0x00000006c1e00000, 0x00000006cc900000, 0x000000076b500000)
  object space 175104K, 40% used [0x00000006c1e00000,0x00000006c6303018,0x00000006cc900000)
 Metaspace       used 12351K, capacity 12646K, committed 12800K, reserved 1060864K
  class space    used 1379K, capacity 1455K, committed 1536K, reserved 1048576K
Event: 42.142 GC heap after
Heap after GC invocations=80 (full 0):
 PSYoungGen      total 663040K, used 9584K [0x000000076b500000, 0x00000007a2e80000, 0x00000007c0000000)
  eden space 653312K, 0% used [0x000000076b500000,0x000000076b500000,0x0000000793300000)
  from space 9728K, 98% used [0x00000007a2500000,0x00000007a2e5c070,0x00000007a2e80000)
  to   space 14336K, 0% used [0x00000007a1280000,0x00000007a1280000,0x00000007a2080000)
 ParOldGen       total 175104K, used 70716K [0x00000006c1e00000, 0x00000006cc900000, 0x000000076b500000)
  object space 175104K, 40% used [0x00000006c1e00000,0x00000006c630f018,0x00000006cc900000)
 Metaspace       used 12351K, capacity 12646K, committed 12800K, reserved 1060864K
  class space    used 1379K, capacity 1455K, committed 1536K, reserved 1048576K
}
Event: 42.693 GC heap before
{Heap before GC invocations=81 (full 0):
 PSYoungGen      total 663040K, used 662896K [0x000000076b500000, 0x00000007a2e80000, 0x00000007c0000000)
  eden space 653312K, 100% used [0x000000076b500000,0x0000000793300000,0x0000000793300000)
  from space 9728K, 98% used [0x00000007a2500000,0x00000007a2e5c070,0x00000007a2e80000)
  to   space 14336K, 0% used [0x00000007a1280000,0x00000007a1280000,0x00000007a2080000)
 ParOldGen       total 175104K, used 70716K [0x00000006c1e00000, 0x00000006cc900000, 0x000000076b500000)
  object space 175104K, 40% used [0x00000006c1e00000,0x00000006c630f018,0x00000006cc900000)
 Metaspace       used 12351K, capacity 12646K, committed 12800K, reserved 1060864K
  class space    used 1379K, capacity 1455K, committed 1536K, reserved 1048576K
Event: 42.700 GC heap after
Heap after GC invocations=81 (full 0):
 PSYoungGen      total 633856K, used 9568K [0x000000076b500000, 0x00000007a2580000, 0x00000007c0000000)
  eden space 624128K, 0% used [0x000000076b500000,0x000000076b500000,0x0000000791680000)
  from space 9728K, 98% used [0x00000007a1280000,0x00000007a1bd8040,0x00000007a1c00000)
  to   space 9728K, 0% used [0x00000007a1c00000,0x00000007a1c00000,0x00000007a2580000)
 ParOldGen       total 175104K, used 70836K [0x00000006c1e00000, 0x00000006cc900000, 0x000000076b500000)
  object space 175104K, 40% used [0x00000006c1e00000,0x00000006c632d0a0,0x00000006cc900000)
 Metaspace       used 12351K, capacity 12646K, committed 12800K, reserved 1060864K
  class space    used 1379K, capacity 1455K, committed 1536K, reserved 1048576K
}
Event: 43.163 GC heap before
{Heap before GC invocations=82 (full 0):
 PSYoungGen      total 633856K, used 633696K [0x000000076b500000, 0x00000007a2580000, 0x00000007c0000000)
  eden space 624128K, 100% used [0x000000076b500000,0x0000000791680000,0x0000000791680000)
  from space 9728K, 98% used [0x00000007a1280000,0x00000007a1bd8040,0x00000007a1c00000)
  to   space 9728K, 0% used [0x00000007a1c00000,0x00000007a1c00000,0x00000007a2580000)
 ParOldGen       total 175104K, used 70836K [0x00000006c1e00000, 0x00000006cc900000, 0x000000076b500000)
  object space 175104K, 40% used [0x00000006c1e00000,0x00000006c632d0a0,0x00000006cc900000)
 Metaspace       used 12351K, capacity 12646K, committed 12800K, reserved 1060864K
  class space    used 1379K, capacity 1455K, committed 1536K, reserved 1048576K
Event: 43.170 GC heap after
Heap after GC invocations=82 (full 0):
 PSYoungGen      total 758784K, used 9568K [0x000000076b500000, 0x00000007a2580000, 0x00000007c0000000)
  eden space 749056K, 0% used [0x000000076b500000,0x000000076b500000,0x0000000799080000)
  from space 9728K, 98% used [0x00000007a1c00000,0x00000007a2558040,0x00000007a2580000)
  to   space 14336K, 0% used [0x00000007a0980000,0x00000007a0980000,0x00000007a1780000)
 ParOldGen       total 175104K, used 70844K [0x00000006c1e00000, 0x00000006cc900000, 0x000000076b500000)
  object space 175104K, 40% used [0x00000006c1e00000,0x00000006c632f0a0,0x00000006cc900000)
 Metaspace       used 12351K, capacity 12646K, committed 12800K, reserved 1060864K
  class space    used 1379K, capacity 1455K, committed 1536K, reserved 1048576K
}
Event: 43.759 GC heap before
{Heap before GC invocations=83 (full 0):
 PSYoungGen      total 758784K, used 758624K [0x000000076b500000, 0x00000007a2580000, 0x00000007c0000000)
  eden space 749056K, 100% used [0x000000076b500000,0x0000000799080000,0x0000000799080000)
  from space 9728K, 98% used [0x00000007a1c00000,0x00000007a2558040,0x00000007a2580000)
  to   space 14336K, 0% used [0x00000007a0980000,0x00000007a0980000,0x00000007a1780000)
 ParOldGen       total 175104K, used 70844K [0x00000006c1e00000, 0x00000006cc900000, 0x000000076b500000)
  object space 175104K, 40% used [0x00000006c1e00000,0x00000006c632f0a0,0x00000006cc900000)
 Metaspace       used 12353K, capacity 12646K, committed 12800K, reserved 1060864K
  class space    used 1379K, capacity 1455K, committed 1536K, reserved 1048576K
Event: 43.766 GC heap after
Heap after GC invocations=83 (full 0):
 PSYoungGen      total 887296K, used 9568K [0x000000076b500000, 0x00000007a3f00000, 0x00000007c0000000)
  eden space 872960K, 0% used [0x000000076b500000,0x000000076b500000,0x00000007a0980000)
  from space 14336K, 66% used [0x00000007a0980000,0x00000007a12d8040,0x00000007a1780000)
  to   space 14336K, 0% used [0x00000007a3100000,0x00000007a3100000,0x00000007a3f00000)
 ParOldGen       total 175104K, used 70852K [0x00000006c1e00000, 0x00000006cc900000, 0x000000076b500000)
  object space 175104K, 40% used [0x00000006c1e00000,0x00000006c63310a0,0x00000006cc900000)
 Metaspace       used 12353K, capacity 12646K, committed 12800K, reserved 1060864K
  class space    used 1379K, capacity 1455K, committed 1536K, reserved 1048576K
}
Event: 44.474 GC heap before
{Heap before GC invocations=84 (full 0):
 PSYoungGen      total 887296K, used 882528K [0x000000076b500000, 0x00000007a3f00000, 0x00000007c0000000)
  eden space 872960K, 100% used [0x000000076b500000,0x00000007a0980000,0x00000007a0980000)
  from space 14336K, 66% used [0x00000007a0980000,0x00000007a12d8040,0x00000007a1780000)
  to   space 14336K, 0% used [0x00000007a3100000,0x00000007a3100000,0x00000007a3f00000)
 ParOldGen       total 175104K, used 70852K [0x00000006c1e00000, 0x00000006cc900000, 0x000000076b500000)
  object space 175104K, 40% used [0x00000006c1e00000,0x00000006c63310a0,0x00000006cc900000)
 Metaspace       used 12353K, capacity 12646K, committed 12800K, reserved 1060864K
  class space    used 1379K, capacity 1455K, committed 1536K, reserved 1048576K
Event: 44.480 GC heap after
Heap after GC invocations=84 (full 0):
 PSYoungGen      total 887296K, used 9568K [0x000000076b500000, 0x00000007a3f00000, 0x00000007c0000000)
  eden space 872960K, 0% used [0x000000076b500000,0x000000076b500000,0x00000007a0980000)
  from space 14336K, 66% used [0x00000007a3100000,0x00000007a3a58040,0x00000007a3f00000)
  to   space 14336K, 0% used [0x00000007a0980000,0x00000007a0980000,0x00000007a1780000)
 ParOldGen       total 175104K, used 70860K [0x00000006c1e00000, 0x00000006cc900000, 0x000000076b500000)
  object space 175104K, 40% used [0x00000006c1e00000,0x00000006c63330a0,0x00000006cc900000)
 Metaspace       used 12353K, capacity 12646K, committed 12800K, reserved 1060864K
  class space    used 1379K, capacity 1455K, committed 1536K, reserved 1048576K
}

